#
# There is insufficient memory for the Java Runtime Environment to continue.
# Native memory allocation (malloc) failed to allocate 253136 bytes for Chunk::new
# Possible reasons:
#   The system is out of physical RAM or swap space
#   The process is running with CompressedOops enabled, and the Java Heap may be blocking the growth of the native heap
# Possible solutions:
#   Reduce memory load on the system
#   Increase physical memory or swap space
#   Check if swap backing store is full
#   Decrease Java heap size (-Xmx/-Xms)
#   Decrease number of Java threads
#   Decrease Java thread stack sizes (-Xss)
#   Set larger code cache with -XX:ReservedCodeCacheSize=
#   JVM is running with Unscaled Compressed Oops mode in which the Java heap is
#     placed in the first 4GB address space. The Java Heap base address is the
#     maximum limit for the native heap growth. Please use -XX:HeapBaseMinAddress
#     to set the Java Heap base and to place the Java Heap above 4GB virtual address.
# This output file may be truncated or incomplete.
#
#  Out of Memory Error (allocation.cpp:389), pid=41384, tid=0x000000000000a1d4
#
# JRE version: Java(TM) SE Runtime Environment (8.0_211-b12) (build 1.8.0_211-b12)
# Java VM: Java HotSpot(TM) 64-Bit Server VM (25.211-b12 mixed mode windows-amd64 compressed oops)
# Failed to write core dump. Minidumps are not enabled by default on client versions of Windows
#

---------------  T H R E A D  ---------------

Current thread (0x0000000016bed800):  JavaThread "C2 CompilerThread2" daemon [_thread_in_native, id=41428, stack(0x0000000017550000,0x0000000017650000)]

Stack: [0x0000000017550000,0x0000000017650000]
[error occurred during error reporting (printing stack bounds), id 0xc0000005]

Native frames: (J=compiled Java code, j=interpreted, Vv=VM code, C=native code)


Current CompileTask:
C2:  82394 14895       4       org.objectweb.asm.ClassReader::readMethod (1047 bytes)


---------------  P R O C E S S  ---------------

Java Threads: ( => current thread )
  0x000000001d03b800 JavaThread "stdout" daemon [_thread_in_native, id=48176, stack(0x0000000027800000,0x0000000027900000)]
  0x000000001d039800 JavaThread "stderr" daemon [_thread_in_native, id=21724, stack(0x0000000027700000,0x0000000027800000)]
  0x000000001d038000 JavaThread "stdout" daemon [_thread_in_native, id=44684, stack(0x0000000027600000,0x0000000027700000)]
  0x000000001d03b000 JavaThread "stderr" daemon [_thread_in_native, id=46000, stack(0x0000000027500000,0x0000000027600000)]
  0x000000001d038800 JavaThread "stdout" daemon [_thread_in_native, id=46064, stack(0x0000000027400000,0x0000000027500000)]
  0x000000001d03d000 JavaThread "stderr" daemon [_thread_in_native, id=44140, stack(0x0000000027300000,0x0000000027400000)]
  0x000000001d037000 JavaThread "stdout" daemon [_thread_in_native, id=47256, stack(0x0000000027200000,0x0000000027300000)]
  0x0000000018e96800 JavaThread "stderr" daemon [_thread_in_native, id=45368, stack(0x0000000027100000,0x0000000027200000)]
  0x000000001af46000 JavaThread "stdout" daemon [_thread_in_native, id=40504, stack(0x0000000027000000,0x0000000027100000)]
  0x000000001af45000 JavaThread "stderr" daemon [_thread_in_native, id=11956, stack(0x0000000026f00000,0x0000000027000000)]
  0x000000001af44800 JavaThread "stdout" daemon [_thread_in_native, id=46844, stack(0x0000000026e00000,0x0000000026f00000)]
  0x000000001af46800 JavaThread "stderr" daemon [_thread_in_native, id=45260, stack(0x0000000026d00000,0x0000000026e00000)]
  0x000000001af48000 JavaThread "stdout" daemon [_thread_in_native, id=45640, stack(0x0000000026c00000,0x0000000026d00000)]
  0x000000001af43800 JavaThread "stderr" daemon [_thread_in_native, id=45920, stack(0x0000000026b00000,0x0000000026c00000)]
  0x000000001af40800 JavaThread "pool-3-thread-1" [_thread_blocked, id=39856, stack(0x0000000026a00000,0x0000000026b00000)]
  0x000000001af41800 JavaThread "ForkJoinPool.commonPool-worker-7" daemon [_thread_blocked, id=47672, stack(0x0000000026900000,0x0000000026a00000)]
  0x000000001af42000 JavaThread "ForkJoinPool.commonPool-worker-5" daemon [_thread_blocked, id=43208, stack(0x0000000026700000,0x0000000026800000)]
  0x000000001af47800 JavaThread "ForkJoinPool.commonPool-worker-4" daemon [_thread_blocked, id=46556, stack(0x0000000026600000,0x0000000026700000)]
  0x000000001f7de800 JavaThread "ForkJoinPool.commonPool-worker-3" daemon [_thread_blocked, id=49232, stack(0x0000000026500000,0x0000000026600000)]
  0x000000001f7dd800 JavaThread "ForkJoinPool.commonPool-worker-2" daemon [_thread_blocked, id=45936, stack(0x0000000026400000,0x0000000026500000)]
  0x000000001f7dd000 JavaThread "ForkJoinPool.commonPool-worker-1" daemon [_thread_blocked, id=8940, stack(0x0000000026300000,0x0000000026400000)]
  0x000000001f7db800 JavaThread "Cache worker for execution history cache (C:\Users\CWT\Desktop\SS_v1\android\.gradle\5.4.1\executionHistory)" [_thread_blocked, id=48404, stack(0x0000000026200000,0x0000000026300000)]
  0x000000001f7d9000 JavaThread "Execution worker for ':' Thread 7" [_thread_blocked, id=45548, stack(0x0000000026100000,0x0000000026200000)]
  0x000000001f7d8800 JavaThread "Execution worker for ':' Thread 6" [_thread_blocked, id=45276, stack(0x0000000026000000,0x0000000026100000)]
  0x000000001f7da800 JavaThread "Execution worker for ':' Thread 5" [_thread_blocked, id=45336, stack(0x0000000025f00000,0x0000000026000000)]
  0x000000001f7d3000 JavaThread "Execution worker for ':' Thread 4" [_thread_blocked, id=45412, stack(0x0000000025e00000,0x0000000025f00000)]
  0x000000001f7d6000 JavaThread "Execution worker for ':' Thread 3" [_thread_in_native, id=47192, stack(0x0000000025d00000,0x0000000025e00000)]
  0x000000001f7d5800 JavaThread "Execution worker for ':' Thread 2" [_thread_blocked, id=13952, stack(0x0000000025c00000,0x0000000025d00000)]
  0x000000001f7cf800 JavaThread "Execution worker for ':'" [_thread_blocked, id=40900, stack(0x0000000025b00000,0x0000000025c00000)]
  0x000000001f7d2800 JavaThread "Cache worker for file content cache (C:\Users\CWT\Desktop\SS_v1\android\.gradle\5.4.1\fileContent)" [_thread_blocked, id=45408, stack(0x0000000025a00000,0x0000000025b00000)]
  0x000000001f7d1800 JavaThread "Cache worker for file content cache (C:\Users\CWT\.gradle\caches\5.4.1\fileContent)" [_thread_blocked, id=38780, stack(0x0000000025900000,0x0000000025a00000)]
  0x000000001f7d0000 JavaThread "Memory manager" [_thread_blocked, id=35708, stack(0x0000000025800000,0x0000000025900000)]
  0x000000001af39000 JavaThread "Cache worker for Build Output Cleanup Cache (C:\Users\CWT\Desktop\SS_v1\android\.gradle\buildOutputCleanup)" [_thread_blocked, id=44896, stack(0x0000000022600000,0x0000000022700000)]
  0x000000001af3b800 JavaThread "Build operations Thread 8" [_thread_blocked, id=49760, stack(0x0000000021c00000,0x0000000021d00000)]
  0x000000001af39800 JavaThread "Build operations Thread 7" [_thread_blocked, id=45420, stack(0x0000000021b00000,0x0000000021c00000)]
  0x000000001af3d800 JavaThread "Build operations Thread 6" [_thread_blocked, id=49752, stack(0x0000000021a00000,0x0000000021b00000)]
  0x000000001af40000 JavaThread "Build operations Thread 5" [_thread_blocked, id=48848, stack(0x0000000021900000,0x0000000021a00000)]
  0x000000001af3c000 JavaThread "Build operations Thread 4" [_thread_blocked, id=49684, stack(0x0000000021800000,0x0000000021900000)]
  0x000000001af3a800 JavaThread "Build operations Thread 3" [_thread_blocked, id=49304, stack(0x0000000021700000,0x0000000021800000)]
  0x000000001af3d000 JavaThread "Build operations Thread 2" [_thread_blocked, id=46740, stack(0x0000000021600000,0x0000000021700000)]
  0x000000001af3e800 JavaThread "Build operations" [_thread_blocked, id=48540, stack(0x0000000021500000,0x0000000021600000)]
  0x0000000018e95000 JavaThread "Cache worker for execution history cache (C:\Users\CWT\.gradle\caches\5.4.1\executionHistory)" [_thread_blocked, id=49792, stack(0x0000000020a20000,0x0000000020b20000)]
  0x0000000018e95800 JavaThread "Cache worker for cache directory md-rule (C:\Users\CWT\.gradle\caches\5.4.1\md-rule)" [_thread_blocked, id=48560, stack(0x0000000020920000,0x0000000020a20000)]
  0x0000000018e9b800 JavaThread "Cache worker for cache directory md-supplier (C:\Users\CWT\.gradle\caches\5.4.1\md-supplier)" [_thread_blocked, id=49788, stack(0x0000000020820000,0x0000000020920000)]
  0x0000000018e98800 JavaThread "Cache worker for file hash cache (C:\Users\CWT\Desktop\SS_v1\android\.gradle\5.4.1\fileHashes)" [_thread_blocked, id=45372, stack(0x000000001d360000,0x000000001d460000)]
  0x0000000018e97000 JavaThread "Cache worker for journal cache (C:\Users\CWT\.gradle\caches\journal-1)" [_thread_blocked, id=45400, stack(0x000000001a2f0000,0x000000001a3f0000)]
  0x0000000018e98000 JavaThread "File lock request listener" [_thread_in_native, id=41220, stack(0x000000001a1f0000,0x000000001a2f0000)]
  0x0000000018e9b000 JavaThread "Cache worker for file hash cache (C:\Users\CWT\.gradle\caches\5.4.1\fileHashes)" [_thread_blocked, id=49692, stack(0x000000001a0f0000,0x000000001a1f0000)]
  0x0000000016f29800 JavaThread "Thread-9" [_thread_blocked, id=9944, stack(0x0000000019ff0000,0x000000001a0f0000)]
  0x0000000017971800 JavaThread "Stdin handler" [_thread_blocked, id=42548, stack(0x0000000019ef0000,0x0000000019ff0000)]
  0x0000000017970800 JavaThread "Asynchronous log dispatcher for DefaultDaemonConnection: socket connection from /127.0.0.1:55368 to /127.0.0.1:55369" [_thread_blocked, id=40784, stack(0x0000000019df0000,0x0000000019ef0000)]
  0x0000000017976800 JavaThread "Daemon worker" [_thread_blocked, id=15836, stack(0x00000000199f0000,0x0000000019af0000)]
  0x0000000017976000 JavaThread "Cancel handler" [_thread_blocked, id=44840, stack(0x00000000198f0000,0x00000000199f0000)]
  0x0000000016c4f000 JavaThread "Handler for socket connection from /127.0.0.1:55368 to /127.0.0.1:55369" [_thread_in_native, id=11152, stack(0x00000000197f0000,0x00000000198f0000)]
  0x000000001795f000 JavaThread "Daemon" [_thread_blocked, id=17116, stack(0x00000000196f0000,0x00000000197f0000)]
  0x0000000018ccc800 JavaThread "Daemon periodic checks" [_thread_blocked, id=45316, stack(0x00000000195f0000,0x00000000196f0000)]
  0x0000000016d0a000 JavaThread "Incoming local TCP Connector on port 55368" [_thread_in_native, id=4464, stack(0x0000000019440000,0x0000000019540000)]
  0x00000000188b0800 JavaThread "Daemon health stats" [_thread_blocked, id=32132, stack(0x0000000019120000,0x0000000019220000)]
  0x0000000016c7e800 JavaThread "Service Thread" daemon [_thread_blocked, id=49904, stack(0x0000000017750000,0x0000000017850000)]
  0x0000000016bf0800 JavaThread "C1 CompilerThread3" daemon [_thread_blocked, id=2780, stack(0x0000000017650000,0x0000000017750000)]
=>0x0000000016bed800 JavaThread "C2 CompilerThread2" daemon [_thread_in_native, id=41428, stack(0x0000000017550000,0x0000000017650000)]
  0x0000000016be7000 JavaThread "C2 CompilerThread1" daemon [_thread_in_native, id=49120, stack(0x0000000017450000,0x0000000017550000)]
  0x0000000016be3800 JavaThread "C2 CompilerThread0" daemon [_thread_in_native, id=11640, stack(0x0000000017350000,0x0000000017450000)]
  0x0000000016bdf000 JavaThread "Attach Listener" daemon [_thread_blocked, id=43224, stack(0x0000000017250000,0x0000000017350000)]
  0x0000000016bdc000 JavaThread "Signal Dispatcher" daemon [_thread_blocked, id=50088, stack(0x0000000017150000,0x0000000017250000)]
  0x0000000016b70800 JavaThread "Finalizer" daemon [_thread_blocked, id=48468, stack(0x0000000017050000,0x0000000017150000)]
  0x0000000003507800 JavaThread "Reference Handler" daemon [_thread_blocked, id=38348, stack(0x0000000016f50000,0x0000000017050000)]
  0x000000000330e800 JavaThread "main" [_thread_blocked, id=41436, stack(0x0000000003310000,0x0000000003410000)]

Other Threads:
  0x0000000014d7a000 VMThread [stack: 0x0000000016a50000,0x0000000016b50000] [id=40144]
  0x0000000016c98000 WatcherThread [stack: 0x0000000017850000,0x0000000017950000] [id=48064]

VM state:not at safepoint (normal execution)

VM Mutex/Monitor currently owned by a thread: None

heap address: 0x00000000e0000000, size: 512 MB, Compressed Oops mode: 32-bit
Narrow klass base: 0x0000000000000000, Narrow klass shift: 3
Compressed class space size: 1073741824 Address: 0x0000000100000000

Heap:
 PSYoungGen      total 136704K, used 41929K [0x00000000f5580000, 0x0000000100000000, 0x0000000100000000)
  eden space 98816K, 31% used [0x00000000f5580000,0x00000000f73af578,0x00000000fb600000)
  from space 37888K, 29% used [0x00000000fb600000,0x00000000fc0c3160,0x00000000fdb00000)
  to   space 37376K, 0% used [0x00000000fdb80000,0x00000000fdb80000,0x0000000100000000)
 ParOldGen       total 175104K, used 75242K [0x00000000e0000000, 0x00000000eab00000, 0x00000000f5580000)
  object space 175104K, 42% used [0x00000000e0000000,0x00000000e497a818,0x00000000eab00000)
 Metaspace       used 78673K, capacity 80978K, committed 81176K, reserved 1120256K
  class space    used 10131K, capacity 10690K, committed 10792K, reserved 1048576K

Card table byte_map: [0x00000000128d0000,0x00000000129e0000] byte_map_base: 0x00000000121d0000

Marking Bits: (ParMarkBitMap*) 0x0000000073195ce0
 Begin Bits: [0x0000000013290000, 0x0000000013a90000)
 End Bits:   [0x0000000013a90000, 0x0000000014290000)

Polling page: 0x0000000001100000

CodeCache: size=245760Kb used=44848Kb max_used=44999Kb free=200911Kb
 bounds [0x0000000003510000, 0x0000000006150000, 0x0000000012510000]
 total_blobs=13233 nmethods=12347 adapters=796
 compilation: enabled

Compilation events (10 events):
Event: 82.363 Thread 0x0000000016bf0800 14903       3       org.objectweb.asm.AnnotationWriter::visitArray (62 bytes)
Event: 82.363 Thread 0x0000000016bf0800 nmethod 14903 0x00000000054cb350 code [0x00000000054cb4e0, 0x00000000054cb918]
Event: 82.365 Thread 0x0000000016bf0800 14905       3       org.gradle.api.internal.tasks.compile.SortingAnnotationVisitor::visitArray (24 bytes)
Event: 82.365 Thread 0x0000000016bf0800 nmethod 14905 0x0000000005802fd0 code [0x00000000058031a0, 0x0000000005803858]
Event: 82.365 Thread 0x0000000016bf0800 14906       3       org.objectweb.asm.AnnotationVisitor::visitArray (18 bytes)
Event: 82.366 Thread 0x0000000016bf0800 nmethod 14906 0x000000000570d290 code [0x000000000570d400, 0x000000000570d668]
Event: 82.366 Thread 0x0000000016be7000 nmethod 14899 0x00000000058025d0 code [0x0000000005802720, 0x0000000005802b98]
Event: 82.366 Thread 0x0000000016be7000 14898       4       org.objectweb.asm.ClassWriter::toByteArray (1360 bytes)
Event: 82.373 Thread 0x0000000016bf0800 14909       3       org.objectweb.asm.MethodVisitor::visitIincInsn (17 bytes)
Event: 82.374 Thread 0x0000000016bf0800 nmethod 14909 0x0000000003bd0210 code [0x0000000003bd0380, 0x0000000003bd05e8]

GC Heap History (10 events):
Event: 73.630 GC heap before
{Heap before GC invocations=30 (full 3):
 PSYoungGen      total 147968K, used 140865K [0x00000000f5580000, 0x0000000100000000, 0x0000000100000000)
  eden space 123392K, 100% used [0x00000000f5580000,0x00000000fce00000,0x00000000fce00000)
  from space 24576K, 71% used [0x00000000fe800000,0x00000000ff910748,0x0000000100000000)
  to   space 25600K, 0% used [0x00000000fce00000,0x00000000fce00000,0x00000000fe700000)
 ParOldGen       total 175104K, used 45505K [0x00000000e0000000, 0x00000000eab00000, 0x00000000f5580000)
  object space 175104K, 25% used [0x00000000e0000000,0x00000000e2c70630,0x00000000eab00000)
 Metaspace       used 74622K, capacity 76844K, committed 77080K, reserved 1116160K
  class space    used 9688K, capacity 10253K, committed 10280K, reserved 1048576K
Event: 73.644 GC heap after
Heap after GC invocations=30 (full 3):
 PSYoungGen      total 148992K, used 25599K [0x00000000f5580000, 0x0000000100000000, 0x0000000100000000)
  eden space 123392K, 0% used [0x00000000f5580000,0x00000000f5580000,0x00000000fce00000)
  from space 25600K, 99% used [0x00000000fce00000,0x00000000fe6ffc60,0x00000000fe700000)
  to   space 25600K, 0% used [0x00000000fe700000,0x00000000fe700000,0x0000000100000000)
 ParOldGen       total 175104K, used 60839K [0x00000000e0000000, 0x00000000eab00000, 0x00000000f5580000)
  object space 175104K, 34% used [0x00000000e0000000,0x00000000e3b69e00,0x00000000eab00000)
 Metaspace       used 74622K, capacity 76844K, committed 77080K, reserved 1116160K
  class space    used 9688K, capacity 10253K, committed 10280K, reserved 1048576K
}
Event: 73.926 GC heap before
{Heap before GC invocations=31 (full 3):
 PSYoungGen      total 148992K, used 148991K [0x00000000f5580000, 0x0000000100000000, 0x0000000100000000)
  eden space 123392K, 100% used [0x00000000f5580000,0x00000000fce00000,0x00000000fce00000)
  from space 25600K, 99% used [0x00000000fce00000,0x00000000fe6ffc60,0x00000000fe700000)
  to   space 25600K, 0% used [0x00000000fe700000,0x00000000fe700000,0x0000000100000000)
 ParOldGen       total 175104K, used 60839K [0x00000000e0000000, 0x00000000eab00000, 0x00000000f5580000)
  object space 175104K, 34% used [0x00000000e0000000,0x00000000e3b69e00,0x00000000eab00000)
 Metaspace       used 75095K, capacity 77378K, committed 77720K, reserved 1116160K
  class space    used 9769K, capacity 10326K, committed 10408K, reserved 1048576K
Event: 73.940 GC heap after
Heap after GC invocations=31 (full 3):
 PSYoungGen      total 125440K, used 25592K [0x00000000f5580000, 0x0000000100000000, 0x0000000100000000)
  eden space 99840K, 0% used [0x00000000f5580000,0x00000000f5580000,0x00000000fb700000)
  from space 25600K, 99% used [0x00000000fe700000,0x00000000ffffe1a8,0x0000000100000000)
  to   space 37376K, 0% used [0x00000000fb700000,0x00000000fb700000,0x00000000fdb80000)
 ParOldGen       total 175104K, used 63380K [0x00000000e0000000, 0x00000000eab00000, 0x00000000f5580000)
  object space 175104K, 36% used [0x00000000e0000000,0x00000000e3de5268,0x00000000eab00000)
 Metaspace       used 75095K, capacity 77378K, committed 77720K, reserved 1116160K
  class space    used 9769K, capacity 10326K, committed 10408K, reserved 1048576K
}
Event: 76.541 GC heap before
{Heap before GC invocations=32 (full 3):
 PSYoungGen      total 125440K, used 125432K [0x00000000f5580000, 0x0000000100000000, 0x0000000100000000)
  eden space 99840K, 100% used [0x00000000f5580000,0x00000000fb700000,0x00000000fb700000)
  from space 25600K, 99% used [0x00000000fe700000,0x00000000ffffe1a8,0x0000000100000000)
  to   space 37376K, 0% used [0x00000000fb700000,0x00000000fb700000,0x00000000fdb80000)
 ParOldGen       total 175104K, used 63380K [0x00000000e0000000, 0x00000000eab00000, 0x00000000f5580000)
  object space 175104K, 36% used [0x00000000e0000000,0x00000000e3de5268,0x00000000eab00000)
 Metaspace       used 75433K, capacity 77596K, committed 77720K, reserved 1116160K
  class space    used 9780K, capacity 10327K, committed 10408K, reserved 1048576K
Event: 76.552 GC heap after
Heap after GC invocations=32 (full 3):
 PSYoungGen      total 137216K, used 18476K [0x00000000f5580000, 0x0000000100000000, 0x0000000100000000)
  eden space 99840K, 0% used [0x00000000f5580000,0x00000000f5580000,0x00000000fb700000)
  from space 37376K, 49% used [0x00000000fb700000,0x00000000fc90b110,0x00000000fdb80000)
  to   space 36352K, 0% used [0x00000000fdc80000,0x00000000fdc80000,0x0000000100000000)
 ParOldGen       total 175104K, used 64418K [0x00000000e0000000, 0x00000000eab00000, 0x00000000f5580000)
  object space 175104K, 36% used [0x00000000e0000000,0x00000000e3ee8a58,0x00000000eab00000)
 Metaspace       used 75433K, capacity 77596K, committed 77720K, reserved 1116160K
  class space    used 9780K, capacity 10327K, committed 10408K, reserved 1048576K
}
Event: 77.600 GC heap before
{Heap before GC invocations=33 (full 3):
 PSYoungGen      total 137216K, used 118316K [0x00000000f5580000, 0x0000000100000000, 0x0000000100000000)
  eden space 99840K, 100% used [0x00000000f5580000,0x00000000fb700000,0x00000000fb700000)
  from space 37376K, 49% used [0x00000000fb700000,0x00000000fc90b110,0x00000000fdb80000)
  to   space 36352K, 0% used [0x00000000fdc80000,0x00000000fdc80000,0x0000000100000000)
 ParOldGen       total 175104K, used 64418K [0x00000000e0000000, 0x00000000eab00000, 0x00000000f5580000)
  object space 175104K, 36% used [0x00000000e0000000,0x00000000e3ee8a58,0x00000000eab00000)
 Metaspace       used 76835K, capacity 79030K, committed 79384K, reserved 1118208K
  class space    used 9932K, capacity 10476K, committed 10536K, reserved 1048576K
Event: 77.615 GC heap after
Heap after GC invocations=33 (full 3):
 PSYoungGen      total 135168K, used 27104K [0x00000000f5580000, 0x0000000100000000, 0x0000000100000000)
  eden space 98816K, 0% used [0x00000000f5580000,0x00000000f5580000,0x00000000fb600000)
  from space 36352K, 74% used [0x00000000fdc80000,0x00000000ff6f82d0,0x0000000100000000)
  to   space 37888K, 0% used [0x00000000fb600000,0x00000000fb600000,0x00000000fdb00000)
 ParOldGen       total 175104K, used 64994K [0x00000000e0000000, 0x00000000eab00000, 0x00000000f5580000)
  object space 175104K, 37% used [0x00000000e0000000,0x00000000e3f78a78,0x00000000eab00000)
 Metaspace       used 76835K, capacity 79030K, committed 79384K, reserved 1118208K
  class space    used 9932K, capacity 10476K, committed 10536K, reserved 1048576K
}
Event: 82.129 GC heap before
{Heap before GC invocations=34 (full 3):
 PSYoungGen      total 135168K, used 125920K [0x00000000f5580000, 0x0000000100000000, 0x0000000100000000)
  eden space 98816K, 100% used [0x00000000f5580000,0x00000000fb600000,0x00000000fb600000)
  from space 36352K, 74% used [0x00000000fdc80000,0x00000000ff6f82d0,0x0000000100000000)
  to   space 37888K, 0% used [0x00000000fb600000,0x00000000fb600000,0x00000000fdb00000)
 ParOldGen       total 175104K, used 64994K [0x00000000e0000000, 0x00000000eab00000, 0x00000000f5580000)
  object space 175104K, 37% used [0x00000000e0000000,0x00000000e3f78a78,0x00000000eab00000)
 Metaspace       used 78662K, capacity 80978K, committed 81176K, reserved 1120256K
  class space    used 10131K, capacity 10690K, committed 10792K, reserved 1048576K
Event: 82.143 GC heap after
Heap after GC invocations=34 (full 3):
 PSYoungGen      total 136704K, used 11020K [0x00000000f5580000, 0x0000000100000000, 0x0000000100000000)
  eden space 98816K, 0% used [0x00000000f5580000,0x00000000f5580000,0x00000000fb600000)
  from space 37888K, 29% used [0x00000000fb600000,0x00000000fc0c3160,0x00000000fdb00000)
  to   space 37376K, 0% used [0x00000000fdb80000,0x00000000fdb80000,0x0000000100000000)
 ParOldGen       total 175104K, used 75242K [0x00000000e0000000, 0x00000000eab00000, 0x00000000f5580000)
  object space 175104K, 42% used [0x00000000e0000000,0x00000000e497a818,0x00000000eab00000)
 Metaspace       used 78662K, capacity 80978K, committed 81176K, reserved 1120256K
  class space    used 10131K, capacity 10690K, committed 10792K, reserved 1048576K
}

Deoptimization events (10 events):
Event: 82.039 Thread 0x000000001f7d6000 Uncommon trap: reason=unstable_if action=reinterpret pc=0x0000000004d2894c method=org.objectweb.asm.MethodWriter.visitMethodInsn(ILjava/lang/String;Ljava/lang/String;Ljava/lang/String;Z)V @ 89
Event: 82.042 Thread 0x000000001f7d6000 Uncommon trap: reason=unstable_if action=reinterpret pc=0x00000000056a9068 method=org.objectweb.asm.Type.getArgumentsAndReturnSizes(Ljava/lang/String;)I @ 25
Event: 82.046 Thread 0x000000001f7d6000 Uncommon trap: reason=unstable_if action=reinterpret pc=0x000000000479e870 method=java.util.TreeMap.put(Ljava/lang/Object;Ljava/lang/Object;)Ljava/lang/Object; @ 163
Event: 82.073 Thread 0x000000001f7d6000 Uncommon trap: reason=unstable_if action=reinterpret pc=0x00000000060ddc88 method=org.objectweb.asm.Type.getArgumentsAndReturnSizes(Ljava/lang/String;)I @ 115
Event: 82.078 Thread 0x000000001f7d6000 Uncommon trap: reason=unstable_if action=reinterpret pc=0x0000000003fef494 method=org.objectweb.asm.ClassReader.readUtf(II[C)Ljava/lang/String; @ 41
Event: 82.087 Thread 0x000000001f7d6000 Uncommon trap: reason=unstable_if action=reinterpret pc=0x0000000003e8b6c4 method=org.objectweb.asm.ClassReader.readUtf(II[C)Ljava/lang/String; @ 41
Event: 82.087 Thread 0x000000001f7d6000 Uncommon trap: reason=unstable_if action=reinterpret pc=0x0000000004d2ab8c method=org.objectweb.asm.ByteVector.putUTF8(Ljava/lang/String;)Lorg/objectweb/asm/ByteVector; @ 100
Event: 82.088 Thread 0x000000001f7d6000 Uncommon trap: reason=unstable_if action=reinterpret pc=0x0000000003b8cff4 method=org.objectweb.asm.ByteVector.putUTF8(Ljava/lang/String;)Lorg/objectweb/asm/ByteVector; @ 100
Event: 82.172 Thread 0x000000001f7d6000 Uncommon trap: reason=unstable_if action=reinterpret pc=0x0000000006137194 method=org.objectweb.asm.MethodWriter.putMethodInfo(Lorg/objectweb/asm/ByteVector;)V @ 190
Event: 82.315 Thread 0x000000001f7d6000 Uncommon trap: reason=unstable_if action=reinterpret pc=0x000000000495e6a4 method=org.objectweb.asm.MethodWriter.visitMaxs(II)V @ 20

Classes redefined (0 events):
No events

Internal exceptions (10 events):
Event: 76.254 Thread 0x000000001f7d8800 Exception <a 'sun/nio/fs/WindowsException'> (0x00000000fad58740) thrown at [C:\re\workspace\8-2-build-windows-amd64-cygwin\jdk8u211\12973\hotspot\src\share\vm\prims\jni.cpp, line 710]
Event: 76.527 Thread 0x000000001f7d3000 Exception <a 'sun/nio/fs/WindowsException'> (0x00000000fb463440) thrown at [C:\re\workspace\8-2-build-windows-amd64-cygwin\jdk8u211\12973\hotspot\src\share\vm\prims\jni.cpp, line 710]
Event: 76.935 Thread 0x000000001f7d6000 Exception <a 'sun/nio/fs/WindowsException'> (0x00000000f7b941d8) thrown at [C:\re\workspace\8-2-build-windows-amd64-cygwin\jdk8u211\12973\hotspot\src\share\vm\prims\jni.cpp, line 710]
Event: 76.940 Thread 0x000000001f7d6000 Exception <a 'sun/nio/fs/WindowsException'> (0x00000000f7bace18) thrown at [C:\re\workspace\8-2-build-windows-amd64-cygwin\jdk8u211\12973\hotspot\src\share\vm\prims\jni.cpp, line 710]
Event: 77.668 Thread 0x000000001f7d6000 Implicit null exception at 0x0000000004d85a97 to 0x0000000004d85df9
Event: 77.700 Thread 0x000000001f7d6000 Implicit null exception at 0x000000000578b327 to 0x000000000578cf65
Event: 78.711 Thread 0x000000001f7d6000 Implicit null exception at 0x00000000059cba5e to 0x00000000059c913d
Event: 80.158 Thread 0x000000001f7d6000 Implicit null exception at 0x0000000003fb27cc to 0x0000000003fb283d
Event: 80.161 Thread 0x000000001f7d6000 Exception <a 'java/lang/NoSuchMethodError': <clinit>> (0x00000000f7e88ac8) thrown at [C:\re\workspace\8-2-build-windows-amd64-cygwin\jdk8u211\12973\hotspot\src\share\vm\prims\jni.cpp, line 1614]
Event: 80.419 Thread 0x000000001f7d6000 Exception <a 'java/lang/NoSuchMethodError': java.lang.Object.lambda$negate$1(Ljava/lang/Object;)Z> (0x00000000f9202460) thrown at [C:\re\workspace\8-2-build-windows-amd64-cygwin\jdk8u211\12973\hotspot\src\share\vm\interpreter\linkResolver.cpp, line 620]

Events (10 events):
Event: 82.181 Thread 0x0000000016bf0800 flushing nmethod 0x000000000592d110
Event: 82.182 Thread 0x0000000016bf0800 flushing nmethod 0x000000000598f290
Event: 82.182 Thread 0x0000000016bf0800 flushing nmethod 0x0000000005a95850
Event: 82.183 Thread 0x0000000016bf0800 flushing nmethod 0x0000000005b16c50
Event: 82.183 Thread 0x0000000016bf0800 flushing nmethod 0x0000000005b34010
Event: 82.315 Thread 0x000000001f7d6000 Uncommon trap: trap_request=0xffffff65 fr.pc=0x000000000495e6a4
Event: 82.315 Thread 0x000000001f7d6000 DEOPT PACKING pc=0x000000000495e6a4 sp=0x0000000025dfcc00
Event: 82.315 Thread 0x000000001f7d6000 DEOPT UNPACKING pc=0x000000000355583b sp=0x0000000025dfcb88 mode 2
Event: 82.317 Thread 0x000000001f7d6000 DEOPT PACKING pc=0x00000000060bd94c sp=0x0000000025dfd130
Event: 82.317 Thread 0x000000001f7d6000 DEOPT UNPACKING pc=0x0000000003557890 sp=0x0000000025dfce88 mode 0


Dynamic libraries:
0x00007ff647610000 - 0x00007ff647647000 	C:\Program Files\Java\jdk1.8.0_211\bin\java.exe
0x00007ffc9a870000 - 0x00007ffc9aa51000 	C:\WINDOWS\SYSTEM32\ntdll.dll
0x00007ffc9a4a0000 - 0x00007ffc9a551000 	C:\WINDOWS\System32\KERNEL32.DLL
0x00007ffc97290000 - 0x00007ffc97503000 	C:\WINDOWS\System32\KERNELBASE.dll
0x00007ffc98460000 - 0x00007ffc98501000 	C:\WINDOWS\System32\ADVAPI32.dll
0x00007ffc9a610000 - 0x00007ffc9a6ae000 	C:\WINDOWS\System32\msvcrt.dll
0x00007ffc98510000 - 0x00007ffc9856b000 	C:\WINDOWS\System32\sechost.dll
0x00007ffc981d0000 - 0x00007ffc982f4000 	C:\WINDOWS\System32\RPCRT4.dll
0x00007ffc9a6b0000 - 0x00007ffc9a840000 	C:\WINDOWS\System32\USER32.dll
0x00007ffc96fe0000 - 0x00007ffc97000000 	C:\WINDOWS\System32\win32u.dll
0x00007ffc99aa0000 - 0x00007ffc99ac8000 	C:\WINDOWS\System32\GDI32.dll
0x00007ffc970f0000 - 0x00007ffc97281000 	C:\WINDOWS\System32\gdi32full.dll
0x00007ffc97000000 - 0x00007ffc9709f000 	C:\WINDOWS\System32\msvcp_win.dll
0x00007ffc96cf0000 - 0x00007ffc96de8000 	C:\WINDOWS\System32\ucrtbase.dll
0x00007ffc87910000 - 0x00007ffc87b79000 	C:\WINDOWS\WinSxS\amd64_microsoft.windows.common-controls_6595b64144ccf1df_6.0.17134.885_none_fb42a3473065565f\COMCTL32.dll
0x00007ffc97de0000 - 0x00007ffc98102000 	C:\WINDOWS\System32\combase.dll
0x00007ffc97c80000 - 0x00007ffc97cf9000 	C:\WINDOWS\System32\bcryptPrimitives.dll
0x00007ffc99ff0000 - 0x00007ffc9a01d000 	C:\WINDOWS\System32\IMM32.DLL
0x0000000073a90000 - 0x0000000073b62000 	C:\Program Files\Java\jdk1.8.0_211\jre\bin\msvcr100.dll
0x0000000072970000 - 0x0000000073215000 	C:\Program Files\Java\jdk1.8.0_211\jre\bin\server\jvm.dll
0x00007ffc9a170000 - 0x00007ffc9a178000 	C:\WINDOWS\System32\PSAPI.DLL
0x00007ffc95d80000 - 0x00007ffc95d8a000 	C:\WINDOWS\SYSTEM32\VERSION.dll
0x00007ffc937a0000 - 0x00007ffc937c3000 	C:\WINDOWS\SYSTEM32\WINMM.dll
0x00007ffc77bf0000 - 0x00007ffc77bf9000 	C:\WINDOWS\SYSTEM32\WSOCK32.dll
0x00007ffc93770000 - 0x00007ffc9379a000 	C:\WINDOWS\SYSTEM32\WINMMBASE.dll
0x00007ffc970a0000 - 0x00007ffc970e9000 	C:\WINDOWS\System32\cfgmgr32.dll
0x00007ffc99f20000 - 0x00007ffc99f8c000 	C:\WINDOWS\System32\WS2_32.dll
0x00007ffc77be0000 - 0x00007ffc77bef000 	C:\Program Files\Java\jdk1.8.0_211\jre\bin\verify.dll
0x00007ffc71c60000 - 0x00007ffc71c89000 	C:\Program Files\Java\jdk1.8.0_211\jre\bin\java.dll
0x00007ffc71840000 - 0x00007ffc71856000 	C:\Program Files\Java\jdk1.8.0_211\jre\bin\zip.dll
0x00007ffc98590000 - 0x00007ffc999d0000 	C:\WINDOWS\System32\SHELL32.dll
0x00007ffc98120000 - 0x00007ffc981c9000 	C:\WINDOWS\System32\shcore.dll
0x00007ffc97510000 - 0x00007ffc97c1d000 	C:\WINDOWS\System32\windows.storage.dll
0x00007ffc99f90000 - 0x00007ffc99fe1000 	C:\WINDOWS\System32\shlwapi.dll
0x00007ffc96b90000 - 0x00007ffc96ba1000 	C:\WINDOWS\System32\kernel.appcore.dll
0x00007ffc96bd0000 - 0x00007ffc96bef000 	C:\WINDOWS\System32\profapi.dll
0x00007ffc96bf0000 - 0x00007ffc96c3c000 	C:\WINDOWS\System32\powrprof.dll
0x00007ffc96b80000 - 0x00007ffc96b8a000 	C:\WINDOWS\System32\FLTLIB.DLL
0x00007ffc71590000 - 0x00007ffc715aa000 	C:\Program Files\Java\jdk1.8.0_211\jre\bin\net.dll
0x00007ffc896e0000 - 0x00007ffc898a9000 	C:\WINDOWS\SYSTEM32\urlmon.dll
0x00007ffc88f80000 - 0x00007ffc89226000 	C:\WINDOWS\SYSTEM32\iertutil.dll
0x00007ffc965d0000 - 0x00007ffc965db000 	C:\WINDOWS\SYSTEM32\CRYPTBASE.DLL
0x00007ffc963f0000 - 0x00007ffc96456000 	C:\WINDOWS\system32\mswsock.dll
0x00007ffc70cf0000 - 0x00007ffc70d02000 	C:\Program Files\Java\jdk1.8.0_211\jre\bin\nio.dll
0x00007ffc77c00000 - 0x00007ffc77c26000 	C:\Users\CWT\.gradle\native\29\windows-amd64\native-platform.dll
0x00007ffc8be70000 - 0x00007ffc8be7d000 	C:\Program Files\Java\jdk1.8.0_211\jre\bin\management.dll
0x00007ffc965b0000 - 0x00007ffc965c7000 	C:\WINDOWS\SYSTEM32\CRYPTSP.dll
0x00007ffc95f90000 - 0x00007ffc95fc3000 	C:\WINDOWS\system32\rsaenh.dll
0x00007ffc966e0000 - 0x00007ffc96705000 	C:\WINDOWS\SYSTEM32\bcrypt.dll
0x00007ffc96ab0000 - 0x00007ffc96ad8000 	C:\WINDOWS\SYSTEM32\USERENV.dll
0x00007ffc96130000 - 0x00007ffc96168000 	C:\WINDOWS\SYSTEM32\IPHLPAPI.DLL
0x00007ffc9a600000 - 0x00007ffc9a608000 	C:\WINDOWS\System32\NSI.dll
0x00007ffc8d6b0000 - 0x00007ffc8d6c6000 	C:\WINDOWS\SYSTEM32\dhcpcsvc6.DLL
0x00007ffc8d690000 - 0x00007ffc8d6aa000 	C:\WINDOWS\SYSTEM32\dhcpcsvc.DLL
0x00007ffc70990000 - 0x00007ffc709b4000 	C:\Program Files\Java\jdk1.8.0_211\jre\bin\sunec.dll
0x00007ffc961d0000 - 0x00007ffc9628e000 	C:\WINDOWS\SYSTEM32\DNSAPI.dll
0x00007ffc8cd00000 - 0x00007ffc8cd0a000 	C:\Windows\System32\rasadhlp.dll
0x00007ffc8d7c0000 - 0x00007ffc8d832000 	C:\WINDOWS\System32\fwpuclnt.dll
0x00007ffc77220000 - 0x00007ffc7722b000 	C:\Program Files\Java\jdk1.8.0_211\jre\bin\sunmscapi.dll
0x00007ffc96df0000 - 0x00007ffc96fd2000 	C:\WINDOWS\System32\CRYPT32.dll
0x00007ffc96bb0000 - 0x00007ffc96bc2000 	C:\WINDOWS\System32\MSASN1.dll
0x00007ffc94cb0000 - 0x00007ffc94d3b000 	C:\WINDOWS\system32\apphelp.dll

VM Arguments:
jvm_args: -XX:MaxMetaspaceSize=256m -XX:+HeapDumpOnOutOfMemoryError -Xms256m -Xmx512m -Dfile.encoding=x-windows-950 -Duser.country=TW -Duser.language=zh -Duser.variant 
java_command: org.gradle.launcher.daemon.bootstrap.GradleDaemon 5.4.1
java_class_path (initial): C:\Users\CWT\.gradle\wrapper\dists\gradle-5.4.1-all\3221gyojl5jsh0helicew7rwx\gradle-5.4.1\lib\gradle-launcher-5.4.1.jar
Launcher Type: SUN_STANDARD

Environment Variables:
JAVA_HOME=C:\Program Files\Java\jdk1.8.0_211
CLASSPATH=C:\Users\CWT\Desktop\SS_v1\android\\gradle\wrapper\gradle-wrapper.jar
PATH=C:\Python27\;C:\Python27\Scripts;C:\Program Files (x86)\Common Files\Oracle\Java\javapath;C:\WINDOWS\system32;C:\WINDOWS;C:\WINDOWS\System32\Wbem;C:\WINDOWS\System32\WindowsPowerShell\v1.0\;C:\WINDOWS\System32\OpenSSH\;C:\Users\CWT\Git\cmd;C:\Users\CWT\Desktop\ffmpeg\bin;C:\ProgramData\chocolatey\bin;C:\Program Files\nodejs\;C:\Program Files\Java\jdk1.8.0_211\bin;C:\Users\CWT\AppData\Local\Programs\Python\Python37-32\Scripts\;C:\Users\CWT\AppData\Local\Programs\Python\Python37-32\;C:\Users\CWT\AppData\Local\Microsoft\WindowsApps;;C:\Users\CWT\AppData\Local\Programs\Microsoft VS Code\bin;C:\Users\CWT\AppData\Roaming\npm
USERNAME=CWT
OS=Windows_NT
PROCESSOR_IDENTIFIER=Intel64 Family 6 Model 60 Stepping 3, GenuineIntel



---------------  S Y S T E M  ---------------

OS: Windows 10.0 , 64 bit Build 17134 (10.0.17134.753)

CPU:total 8 (initial active 8) (4 cores per cpu, 2 threads per core) family 6 model 60 stepping 3, cmov, cx8, fxsr, mmx, sse, sse2, sse3, ssse3, sse4.1, sse4.2, popcnt, avx, avx2, aes, clmul, erms, lzcnt, ht, tsc, tscinvbit, bmi1, bmi2

Memory: 4k page, physical 16647216k(667916k free), swap 32197676k(5328k free)

vm_info: Java HotSpot(TM) 64-Bit Server VM (25.211-b12) for windows-amd64 JRE (1.8.0_211-b12), built on Apr  1 2019 20:53:26 by "java_re" with MS VC++ 10.0 (VS2010)

time: Thu Aug 01 14:34:36 2019
timezone: 台北標準時間
elapsed time: 82 seconds (0d 0h 1m 22s)

